GROUP,PACKAGE,CLASS,INSTRUCTION_MISSED,INSTRUCTION_COVERED,BRANCH_MISSED,BRANCH_COVERED,LINE_MISSED,LINE_COVERED,COMPLEXITY_MISSED,COMPLEXITY_COVERED,METHOD_MISSED,METHOD_COVERED
bank-application,com.imt.mines,BankAccountApp,432,0,74,0,134,0,39,0,2,0
bank-application,com.imt.mines,Person,230,24,22,0,71,9,33,1,22,1
bank-application,com.imt.mines,App,7,0,0,0,3,0,2,0,2,0
bank-application,com.imt.mines,BankAccount,255,103,11,9,70,30,21,10,14,7
bank-application,com.imt.mines,Bank,265,79,30,6,72,21,27,5,12,2
bank-application,com.imt.mines,ACHServiceImpl,7,0,0,0,3,0,3,0,3,0
